<?xml version="1.0" encoding="UTF-8"?>
<robot generator="Robot 5.0 (Python 3.10.2 on win32)" generated="20220808 00:50:43.713" rpa="false" schemaversion="3">
<suite id="s1" name="Webautomation" source="C:\Developer\Prime-Automation-pratice-form\test\feature\webautomation.robot">
<test id="s1-t1" name="Cenario: Acessar o site demoga.com automacao-pratice-form" line="11">
<kw name="Abrir sessão" library="hooks" type="SETUP">
<kw name="Open Browser" library="SeleniumLibrary">
<arg>url:blank</arg>
<arg>${CONFIG.BROWSER.NOME}</arg>
<doc>Opens a new browser instance to the optional ``url``.</doc>
<msg timestamp="20220808 00:50:45.359" level="INFO">Opening browser 'chrome' to base url 'url:blank'.</msg>
<status status="PASS" starttime="20220808 00:50:45.358" endtime="20220808 00:50:46.925"/>
</kw>
<kw name="Go To" library="SeleniumLibrary">
<arg>${CONFIG.BROWSER.URL}</arg>
<doc>Navigates the current browser window to the provided ``url``.</doc>
<msg timestamp="20220808 00:50:46.928" level="INFO">Opening url 'https://demoqa.com/automation-practice-form'</msg>
<status status="PASS" starttime="20220808 00:50:46.926" endtime="20220808 00:50:53.541"/>
</kw>
<kw name="Maximize Browser Window" library="SeleniumLibrary">
<doc>Maximizes current browser window.</doc>
<status status="PASS" starttime="20220808 00:50:53.541" endtime="20220808 00:50:53.672"/>
</kw>
<status status="PASS" starttime="20220808 00:50:45.358" endtime="20220808 00:50:53.672"/>
</kw>
<kw name="Dado que esteja na pagina automacao-pratice-form" library="kws_automation">
<kw name="Title Should Be" library="SeleniumLibrary">
<arg>${HOME.TITLE}</arg>
<doc>Verifies that the current page title equals ``title``.</doc>
<msg timestamp="20220808 00:50:53.708" level="INFO">Page title is 'ToolsQA'.</msg>
<status status="PASS" starttime="20220808 00:50:53.674" endtime="20220808 00:50:53.708"/>
</kw>
<kw name="Wait Until Element Is Visible" library="SeleniumLibrary">
<arg>${HOME.MENU}</arg>
<doc>Waits until the element ``locator`` is visible.</doc>
<status status="PASS" starttime="20220808 00:50:53.709" endtime="20220808 00:50:53.757"/>
</kw>
<status status="PASS" starttime="20220808 00:50:53.673" endtime="20220808 00:50:53.757"/>
</kw>
<kw name="Quando realizo o preenchimento dos dados cadastrais" library="kws_automation">
<kw name="First Name" library="FakerLibrary">
<var>${NAME}</var>
<msg timestamp="20220808 00:50:53.760" level="INFO">${NAME} = Ryan</msg>
<status status="PASS" starttime="20220808 00:50:53.759" endtime="20220808 00:50:53.760"/>
</kw>
<kw name="Last Name" library="FakerLibrary">
<var>${LAST_NAME}</var>
<msg timestamp="20220808 00:50:53.760" level="INFO">${LAST_NAME} = Cavalcanti</msg>
<status status="PASS" starttime="20220808 00:50:53.760" endtime="20220808 00:50:53.760"/>
</kw>
<kw name="Email" library="FakerLibrary">
<var>${EMAIL}</var>
<msg timestamp="20220808 00:50:53.761" level="INFO">${EMAIL} = kaiqueduarte@example.com</msg>
<status status="PASS" starttime="20220808 00:50:53.760" endtime="20220808 00:50:53.761"/>
</kw>
<kw name="Address" library="FakerLibrary">
<var>${ADDRESS}</var>
<doc>:example: '791 Crist Parks, Sashabury, IL 86039-9874'</doc>
<msg timestamp="20220808 00:50:53.761" level="INFO">${ADDRESS} = Largo Daniela Rocha, 51
Gameleira
93970894 Rodrigues / TO</msg>
<status status="PASS" starttime="20220808 00:50:53.761" endtime="20220808 00:50:53.761"/>
</kw>
<kw name="Input Text" library="SeleniumLibrary">
<arg>${USER.firstName}</arg>
<arg>${NAME}</arg>
<doc>Types the given ``text`` into the text field identified by ``locator``.</doc>
<msg timestamp="20220808 00:50:53.763" level="INFO">Typing text 'Ryan' into text field 'firstName'.</msg>
<status status="PASS" starttime="20220808 00:50:53.762" endtime="20220808 00:50:53.906"/>
</kw>
<kw name="Input Text" library="SeleniumLibrary">
<arg>${USER.lastName}</arg>
<arg>${LAST_NAME}</arg>
<doc>Types the given ``text`` into the text field identified by ``locator``.</doc>
<msg timestamp="20220808 00:50:53.908" level="INFO">Typing text 'Cavalcanti' into text field 'lastName'.</msg>
<status status="PASS" starttime="20220808 00:50:53.906" endtime="20220808 00:50:54.063"/>
</kw>
<kw name="Input Text" library="SeleniumLibrary">
<arg>${USER.userEmail}</arg>
<arg>${EMAIL}</arg>
<doc>Types the given ``text`` into the text field identified by ``locator``.</doc>
<msg timestamp="20220808 00:50:54.065" level="INFO">Typing text 'kaiqueduarte@example.com' into text field 'userEmail'.</msg>
<status status="PASS" starttime="20220808 00:50:54.063" endtime="20220808 00:50:54.249"/>
</kw>
<kw name="Input Text" library="SeleniumLibrary">
<arg>${USER.userNumber}</arg>
<arg>7399999999</arg>
<doc>Types the given ``text`` into the text field identified by ``locator``.</doc>
<msg timestamp="20220808 00:50:54.251" level="INFO">Typing text '7399999999' into text field 'userNumber'.</msg>
<status status="PASS" starttime="20220808 00:50:54.250" endtime="20220808 00:50:54.475"/>
</kw>
<kw name="Input Text" library="SeleniumLibrary">
<arg>${USER.subjectsInput}</arg>
<arg>Prime Control</arg>
<doc>Types the given ``text`` into the text field identified by ``locator``.</doc>
<msg timestamp="20220808 00:50:54.477" level="INFO">Typing text 'Prime Control' into text field 'subjectsInput'.</msg>
<status status="PASS" starttime="20220808 00:50:54.475" endtime="20220808 00:50:54.821"/>
</kw>
<kw name="Click Element" library="SeleniumLibrary">
<arg>${HOBBIES.SPORT}</arg>
<doc>Click the element identified by ``locator``.</doc>
<msg timestamp="20220808 00:50:54.824" level="INFO">Clicking element '//label[contains(.,'Sports')]'.</msg>
<status status="PASS" starttime="20220808 00:50:54.822" endtime="20220808 00:50:54.999"/>
</kw>
<kw name="Click Element" library="SeleniumLibrary">
<arg>${HOBBIES.READING}</arg>
<doc>Click the element identified by ``locator``.</doc>
<msg timestamp="20220808 00:50:55.001" level="INFO">Clicking element '//label[contains(.,'Reading')]'.</msg>
<status status="PASS" starttime="20220808 00:50:54.999" endtime="20220808 00:50:55.105"/>
</kw>
<kw name="Click Element" library="SeleniumLibrary">
<arg>${HOBBIES.MUSIC}</arg>
<doc>Click the element identified by ``locator``.</doc>
<msg timestamp="20220808 00:50:55.107" level="INFO">Clicking element '//label[contains(.,'Music')]'.</msg>
<status status="PASS" starttime="20220808 00:50:55.105" endtime="20220808 00:50:55.197"/>
</kw>
<kw name="Element Should Be Enabled" library="SeleniumLibrary">
<arg>${HOBBIES.SPORT}</arg>
<doc>Verifies that element identified by ``locator`` is enabled.</doc>
<status status="PASS" starttime="20220808 00:50:55.198" endtime="20220808 00:50:55.245"/>
</kw>
<kw name="Element Should Be Enabled" library="SeleniumLibrary">
<arg>${HOBBIES.READING}</arg>
<doc>Verifies that element identified by ``locator`` is enabled.</doc>
<status status="PASS" starttime="20220808 00:50:55.245" endtime="20220808 00:50:55.282"/>
</kw>
<kw name="Element Should Be Enabled" library="SeleniumLibrary">
<arg>${HOBBIES.MUSIC}</arg>
<doc>Verifies that element identified by ``locator`` is enabled.</doc>
<status status="PASS" starttime="20220808 00:50:55.282" endtime="20220808 00:50:55.314"/>
</kw>
<kw name="Input Text" library="SeleniumLibrary">
<arg>${USER.currentAddress}</arg>
<arg>${ADDRESS}</arg>
<doc>Types the given ``text`` into the text field identified by ``locator``.</doc>
<msg timestamp="20220808 00:50:55.315" level="INFO">Typing text 'Largo Daniela Rocha, 51
Gameleira
93970894 Rodrigues / TO' into text field 'currentAddress'.</msg>
<status status="PASS" starttime="20220808 00:50:55.314" endtime="20220808 00:50:55.651"/>
</kw>
<status status="PASS" starttime="20220808 00:50:53.758" endtime="20220808 00:50:55.651"/>
</kw>
<kw name="E seleciono genero Male" library="kws_automation">
<kw name="Click Element" library="SeleniumLibrary">
<arg>${GENDER.MALE}</arg>
<doc>Click the element identified by ``locator``.</doc>
<msg timestamp="20220808 00:50:55.656" level="INFO">Clicking element '//label[contains(.,'Male')]'.</msg>
<status status="PASS" starttime="20220808 00:50:55.654" endtime="20220808 00:50:55.778"/>
</kw>
<status status="PASS" starttime="20220808 00:50:55.653" endtime="20220808 00:50:55.779"/>
</kw>
<kw name="E realizo upload de imagem" library="kws_automation">
<kw name="Wait Until Element Is Visible" library="SeleniumLibrary">
<arg>uploadPicture</arg>
<doc>Waits until the element ``locator`` is visible.</doc>
<status status="PASS" starttime="20220808 00:50:55.787" endtime="20220808 00:50:55.841"/>
</kw>
<kw name="Choose File" library="SeleniumLibrary">
<arg>uploadPicture</arg>
<arg>${FILE.IMG}</arg>
<doc>Inputs the ``file_path`` into the file input field ``locator``.</doc>
<msg timestamp="20220808 00:50:55.844" level="INFO">Sending c:\image\picture.png to browser.</msg>
<status status="PASS" starttime="20220808 00:50:55.842" endtime="20220808 00:50:55.923"/>
</kw>
<kw name="Sleep" library="BuiltIn">
<arg>2</arg>
<doc>Pauses the test executed for the given time.</doc>
<msg timestamp="20220808 00:50:57.935" level="INFO">Slept 2 seconds</msg>
<status status="PASS" starttime="20220808 00:50:55.923" endtime="20220808 00:50:57.935"/>
</kw>
<status status="PASS" starttime="20220808 00:50:55.786" endtime="20220808 00:50:57.935"/>
</kw>
<kw name="E Submeter cadastro" library="kws_automation">
<kw name="Sleep" library="BuiltIn">
<arg>2</arg>
<doc>Pauses the test executed for the given time.</doc>
<msg timestamp="20220808 00:50:59.943" level="INFO">Slept 2 seconds</msg>
<status status="PASS" starttime="20220808 00:50:57.937" endtime="20220808 00:50:59.943"/>
</kw>
<kw name="Click Element" library="SeleniumLibrary">
<arg>${USER.submit}</arg>
<doc>Click the element identified by ``locator``.</doc>
<msg timestamp="20220808 00:50:59.945" level="INFO">Clicking element 'submit'.</msg>
<status status="PASS" starttime="20220808 00:50:59.943" endtime="20220808 00:51:00.051"/>
</kw>
<status status="PASS" starttime="20220808 00:50:57.936" endtime="20220808 00:51:00.052"/>
</kw>
<kw name="Então o cadastro foi efetuado com sucesso" library="kws_automation">
<kw name="Sleep" library="BuiltIn">
<arg>2</arg>
<doc>Pauses the test executed for the given time.</doc>
<msg timestamp="20220808 00:51:02.059" level="INFO">Slept 2 seconds</msg>
<status status="PASS" starttime="20220808 00:51:00.054" endtime="20220808 00:51:02.059"/>
</kw>
<kw name="Page Should Contain Element" library="SeleniumLibrary">
<arg>${MODAL}</arg>
<doc>Verifies that element ``locator`` is found on the current page.</doc>
<msg timestamp="20220808 00:51:02.074" level="INFO">Current page contains element 'XPath=//*[@id="example-modal-sizes-title-lg"]'.</msg>
<status status="PASS" starttime="20220808 00:51:02.059" endtime="20220808 00:51:02.074"/>
</kw>
<status status="PASS" starttime="20220808 00:51:00.053" endtime="20220808 00:51:02.075"/>
</kw>
<kw name="Fechar sessão" library="hooks" type="TEARDOWN">
<kw name="Capture Page Screenshot" library="SeleniumLibrary">
<doc>Takes a screenshot of the current page and embeds it into a log file.</doc>
<msg timestamp="20220808 00:51:02.284" level="INFO" html="true">&lt;/td&gt;&lt;/tr&gt;&lt;tr&gt;&lt;td colspan="3"&gt;&lt;a href="selenium-screenshot-3.png"&gt;&lt;img src="selenium-screenshot-3.png" width="800px"&gt;&lt;/a&gt;</msg>
<status status="PASS" starttime="20220808 00:51:02.077" endtime="20220808 00:51:02.284"/>
</kw>
<kw name="Close Browser" library="SeleniumLibrary">
<doc>Closes the current browser.</doc>
<status status="PASS" starttime="20220808 00:51:02.284" endtime="20220808 00:51:04.761"/>
</kw>
<status status="PASS" starttime="20220808 00:51:02.076" endtime="20220808 00:51:04.762"/>
</kw>
<tag>cenario1</tag>
<status status="PASS" starttime="20220808 00:50:45.356" endtime="20220808 00:51:04.763"/>
</test>
<doc>Aqui estarão presentes todos os cenários de automação WEB</doc>
<status status="PASS" starttime="20220808 00:50:43.718" endtime="20220808 00:51:04.766"/>
</suite>
<statistics>
<total>
<stat pass="1" fail="0" skip="0">All Tests</stat>
</total>
<tag>
<stat pass="1" fail="0" skip="0">cenario1</stat>
</tag>
<suite>
<stat pass="1" fail="0" skip="0" id="s1" name="Webautomation">Webautomation</stat>
</suite>
</statistics>
<errors>
</errors>
</robot>
