<?xml version="1.0" encoding="UTF-8"?>
<robot generator="Robot 5.0 (Python 3.10.6 on win32)" generated="20220812 21:27:45.470" rpa="false" schemaversion="3">
<suite id="s1" name="Webautomation" source="C:\Developer\robot\Prime-automation-pratice-form\test\feature\webautomation.robot">
<test id="s1-t1" name="Cenario: Automação formulario de cadastro demoga.comautomacao-pratice-form" line="12">
<kw name="Abrir sessão" library="hooks" type="SETUP">
<kw name="Open Browser" library="SeleniumLibrary">
<arg>url:blank</arg>
<arg>${CONFIG.BROWSER.NOME}</arg>
<arg>options=add_experimental_option('excludeSwitches', ['enable-logging'])</arg>
<doc>Opens a new browser instance to the optional ``url``.</doc>
<msg timestamp="20220812 21:27:46.311" level="INFO">Opening browser 'chrome' to base url 'url:blank'.</msg>
<status status="PASS" starttime="20220812 21:27:46.310" endtime="20220812 21:27:47.627"/>
</kw>
<kw name="Go To" library="SeleniumLibrary">
<arg>${CONFIG.BROWSER.URL}</arg>
<doc>Navigates the current browser window to the provided ``url``.</doc>
<msg timestamp="20220812 21:27:47.630" level="INFO">Opening url 'https://demoqa.com/automation-practice-form'</msg>
<status status="PASS" starttime="20220812 21:27:47.628" endtime="20220812 21:27:57.027"/>
</kw>
<kw name="Maximize Browser Window" library="SeleniumLibrary">
<doc>Maximizes current browser window.</doc>
<status status="PASS" starttime="20220812 21:27:57.027" endtime="20220812 21:27:57.158"/>
</kw>
<status status="PASS" starttime="20220812 21:27:46.310" endtime="20220812 21:27:57.158"/>
</kw>
<kw name="Dado que estou na pagina automacao-pratice-form" library="kws_automation">
<kw name="Title Should Be" library="SeleniumLibrary">
<arg>${HOME.TITLE}</arg>
<doc>Verifies that the current page title equals ``title``.</doc>
<msg timestamp="20220812 21:27:57.167" level="INFO">Page title is 'ToolsQA'.</msg>
<status status="PASS" starttime="20220812 21:27:57.160" endtime="20220812 21:27:57.167"/>
</kw>
<kw name="Wait Until Element Is Visible" library="SeleniumLibrary">
<arg>${HOME.MENU}</arg>
<doc>Waits until the element ``locator`` is visible.</doc>
<status status="PASS" starttime="20220812 21:27:57.167" endtime="20220812 21:27:57.207"/>
</kw>
<status status="PASS" starttime="20220812 21:27:57.159" endtime="20220812 21:27:57.208"/>
</kw>
<kw name="Quando realizo o preenchimento dos dados cadastrais" library="kws_automation">
<kw name="First Name" library="FakerLibrary">
<var>${NAME}</var>
<msg timestamp="20220812 21:27:57.209" level="INFO">${NAME} = Murilo</msg>
<status status="PASS" starttime="20220812 21:27:57.209" endtime="20220812 21:27:57.209"/>
</kw>
<kw name="Input Text" library="SeleniumLibrary">
<arg>${USER.firstName}</arg>
<arg>${NAME}</arg>
<doc>Types the given ``text`` into the text field identified by ``locator``.</doc>
<msg timestamp="20220812 21:27:57.211" level="INFO">Typing text 'Murilo' into text field 'firstName'.</msg>
<status status="PASS" starttime="20220812 21:27:57.209" endtime="20220812 21:27:57.326"/>
</kw>
<kw name="Last Name" library="FakerLibrary">
<var>${LAST_NAME}</var>
<msg timestamp="20220812 21:27:57.327" level="INFO">${LAST_NAME} = da Rosa</msg>
<status status="PASS" starttime="20220812 21:27:57.326" endtime="20220812 21:27:57.327"/>
</kw>
<kw name="Input Text" library="SeleniumLibrary">
<arg>${USER.lastName}</arg>
<arg>${LAST_NAME}</arg>
<doc>Types the given ``text`` into the text field identified by ``locator``.</doc>
<msg timestamp="20220812 21:27:57.328" level="INFO">Typing text 'da Rosa' into text field 'lastName'.</msg>
<status status="PASS" starttime="20220812 21:27:57.327" endtime="20220812 21:27:57.442"/>
</kw>
<kw name="Email" library="FakerLibrary">
<var>${EMAIL}</var>
<msg timestamp="20220812 21:27:57.442" level="INFO">${EMAIL} = imartins@example.net</msg>
<status status="PASS" starttime="20220812 21:27:57.442" endtime="20220812 21:27:57.442"/>
</kw>
<kw name="Input Text" library="SeleniumLibrary">
<arg>${USER.userEmail}</arg>
<arg>${EMAIL}</arg>
<doc>Types the given ``text`` into the text field identified by ``locator``.</doc>
<msg timestamp="20220812 21:27:57.444" level="INFO">Typing text 'imartins@example.net' into text field 'userEmail'.</msg>
<status status="PASS" starttime="20220812 21:27:57.443" endtime="20220812 21:27:57.581"/>
</kw>
<kw name="Click Element" library="SeleniumLibrary">
<arg>${GENDER.MALE}</arg>
<doc>Click the element identified by ``locator``.</doc>
<msg timestamp="20220812 21:27:57.583" level="INFO">Clicking element '//label[contains(.,'Male')]'.</msg>
<status status="PASS" starttime="20220812 21:27:57.582" endtime="20220812 21:27:57.663"/>
</kw>
<kw name="Input Text" library="SeleniumLibrary">
<arg>${USER.userNumber}</arg>
<arg>7399999999</arg>
<doc>Types the given ``text`` into the text field identified by ``locator``.</doc>
<msg timestamp="20220812 21:27:57.664" level="INFO">Typing text '7399999999' into text field 'userNumber'.</msg>
<status status="PASS" starttime="20220812 21:27:57.663" endtime="20220812 21:27:57.769"/>
</kw>
<status status="PASS" starttime="20220812 21:27:57.208" endtime="20220812 21:27:57.770"/>
</kw>
<kw name="E informo a data de aniversário" library="kws_automation">
<kw name="Click Element" library="SeleniumLibrary">
<arg>${USER.dateOfBirthInput}</arg>
<doc>Click the element identified by ``locator``.</doc>
<msg timestamp="20220812 21:27:57.772" level="INFO">Clicking element 'dateOfBirthInput'.</msg>
<msg timestamp="20220812 21:27:59.125" level="INFO" html="true">&lt;/td&gt;&lt;/tr&gt;&lt;tr&gt;&lt;td colspan="3"&gt;&lt;a href="selenium-screenshot-5.png"&gt;&lt;img src="selenium-screenshot-5.png" width="800px"&gt;&lt;/a&gt;</msg>
<msg timestamp="20220812 21:27:59.126" level="FAIL">ElementClickInterceptedException: Message: element click intercepted: Element &lt;input type="text" id="dateOfBirthInput" class="form-control" value="12 Aug 2022"&gt; is not clickable at point (627, 547). Other element would receive the click: &lt;iframe id="google_ads_iframe_/21849154601,22343295815/Ad.Plus-Anchor_0" name="google_ads_iframe_/21849154601,22343295815/Ad.Plus-Anchor_0" title="3rd party ad content" width="970" height="90" scrolling="no" marginwidth="0" marginheight="0" frameborder="0" role="region" aria-label="Advertisement" tabindex="0" sandbox="allow-forms allow-popups allow-popups-to-escape-sandbox allow-same-origin allow-scripts allow-top-navigation-by-user-activation" style="border: 0px; vertical-align: bottom;" data-load-complete="true" data-google-container-id="1"&gt;&lt;/iframe&gt;
  (Session info: chrome=104.0.5112.81)
Stacktrace:
Backtrace:
	Ordinal0 [0x008478B3+2193587]
	Ordinal0 [0x007E0681+1771137]
	Ordinal0 [0x006F41A8+803240]
	Ordinal0 [0x00728C84+1019012]
	Ordinal0 [0x00726C48+1010760]
	Ordinal0 [0x0072493B+1001787]
	Ordinal0 [0x00723699+997017]
	Ordinal0 [0x00719223+954915]
	Ordinal0 [0x0073D7AC+1103788]
	Ordinal0 [0x00718C04+953348]
	Ordinal0 [0x0073D9C4+1104324]
	Ordinal0 [0x0074DAE2+1170146]
	Ordinal0 [0x0073D5C6+1103302]
	Ordinal0 [0x007177E0+948192]
	Ordinal0 [0x007186E6+952038]
	GetHandleVerifier [0x00AF0CB2+2738370]
	GetHandleVerifier [0x00AE21B8+2678216]
	GetHandleVerifier [0x008D17AA+512954]
	GetHandleVerifier [0x008D0856+509030]
	Ordinal0 [0x007E743B+1799227]
	Ordinal0 [0x007EBB68+1817448]
	Ordinal0 [0x007EBC55+1817685]
	Ordinal0 [0x007F5230+1856048]
	BaseThreadInitThunk [0x7689FA29+25]
	RtlGetAppContainerNamedObjectPath [0x77617A9E+286]
	RtlGetAppContainerNamedObjectPath [0x77617A6E+238]
</msg>
<status status="FAIL" starttime="20220812 21:27:57.771" endtime="20220812 21:27:59.129"/>
</kw>
<kw name="Click Element" library="SeleniumLibrary">
<arg>xpath://div[@id="dateOfBirth"]//option[@value="${DATE.ANO}"]</arg>
<doc>Click the element identified by ``locator``.</doc>
<status status="NOT RUN" starttime="20220812 21:27:59.130" endtime="20220812 21:27:59.130"/>
</kw>
<kw name="Press Keys" library="SeleniumLibrary">
<arg>${USER.dateOfBirthInput}</arg>
<arg>RETURN</arg>
<doc>Simulates the user pressing key(s) to an element or on the active browser.</doc>
<status status="NOT RUN" starttime="20220812 21:27:59.130" endtime="20220812 21:27:59.130"/>
</kw>
<kw name="Input Text" library="SeleniumLibrary">
<arg>${USER.subjectsInput}</arg>
<arg>Accounting</arg>
<doc>Types the given ``text`` into the text field identified by ``locator``.</doc>
<status status="NOT RUN" starttime="20220812 21:27:59.130" endtime="20220812 21:27:59.130"/>
</kw>
<kw name="Press Keys" library="SeleniumLibrary">
<arg>${USER.subjectsInput}</arg>
<arg>RETURN</arg>
<doc>Simulates the user pressing key(s) to an element or on the active browser.</doc>
<status status="NOT RUN" starttime="20220812 21:27:59.130" endtime="20220812 21:27:59.131"/>
</kw>
<status status="FAIL" starttime="20220812 21:27:57.771" endtime="20220812 21:27:59.131"/>
</kw>
<kw name="E marco as opções de hobbies" library="kws_automation">
<status status="NOT RUN" starttime="20220812 21:27:59.132" endtime="20220812 21:27:59.133"/>
</kw>
<kw name="E realizo upload de imagem" library="kws_automation">
<status status="NOT RUN" starttime="20220812 21:27:59.133" endtime="20220812 21:27:59.134"/>
</kw>
<kw name="E preencho o endereço" library="kws_automation">
<status status="NOT RUN" starttime="20220812 21:27:59.134" endtime="20220812 21:27:59.135"/>
</kw>
<kw name="E seleciono o Estado" library="kws_automation">
<status status="NOT RUN" starttime="20220812 21:27:59.135" endtime="20220812 21:27:59.135"/>
</kw>
<kw name="E seleciono a Cidade" library="kws_automation">
<status status="NOT RUN" starttime="20220812 21:27:59.136" endtime="20220812 21:27:59.136"/>
</kw>
<kw name="E submeto o cadastro" library="kws_automation">
<status status="NOT RUN" starttime="20220812 21:27:59.137" endtime="20220812 21:27:59.137"/>
</kw>
<kw name="Então o cadastro é efetuado com sucesso" library="kws_automation">
<status status="NOT RUN" starttime="20220812 21:27:59.138" endtime="20220812 21:27:59.138"/>
</kw>
<kw name="Fechar sessão" library="hooks" type="TEARDOWN">
<kw name="Capture Page Screenshot" library="SeleniumLibrary">
<doc>Takes a screenshot of the current page and embeds it into a log file.</doc>
<msg timestamp="20220812 21:27:59.392" level="INFO" html="true">&lt;/td&gt;&lt;/tr&gt;&lt;tr&gt;&lt;td colspan="3"&gt;&lt;a href="selenium-screenshot-6.png"&gt;&lt;img src="selenium-screenshot-6.png" width="800px"&gt;&lt;/a&gt;</msg>
<status status="PASS" starttime="20220812 21:27:59.140" endtime="20220812 21:27:59.392"/>
</kw>
<kw name="Close Browser" library="SeleniumLibrary">
<doc>Closes the current browser.</doc>
<status status="PASS" starttime="20220812 21:27:59.392" endtime="20220812 21:28:01.591"/>
</kw>
<status status="PASS" starttime="20220812 21:27:59.139" endtime="20220812 21:28:01.592"/>
</kw>
<tag>cenario1</tag>
<status status="FAIL" starttime="20220812 21:27:46.309" endtime="20220812 21:28:01.594">ElementClickInterceptedException: Message: element click intercepted: Element &lt;input type="text" id="dateOfBirthInput" class="form-control" value="12 Aug 2022"&gt; is not clickable at point (627, 547). Other element would receive the click: &lt;iframe id="google_ads_iframe_/21849154601,22343295815/Ad.Plus-Anchor_0" name="google_ads_iframe_/21849154601,22343295815/Ad.Plus-Anchor_0" title="3rd party ad content" width="970" height="90" scrolling="no" marginwidth="0" marginheight="0" frameborder="0" role="region" aria-label="Advertisement" tabindex="0" sandbox="allow-forms allow-popups allow-popups-to-escape-sandbox allow-same-origin allow-scripts allow-top-navigation-by-user-activation" style="border: 0px; vertical-align: bottom;" data-load-complete="true" data-google-container-id="1"&gt;&lt;/iframe&gt;
  (Session info: chrome=104.0.5112.81)
Stacktrace:
Backtrace:
	Ordinal0 [0x008478B3+2193587]
	Ordinal0 [0x007E0681+1771137]
	Ordinal0 [0x006F41A8+803240]
	Ordinal0 [0x00728C84+1019012]
	Ordinal0 [0x00726C48+1010760]
	Ordinal0 [0x0072493B+1001787]
	Ordinal0 [0x00723699+997017]
	Ordinal0 [0x00719223+954915]
	Ordinal0 [0x0073D7AC+1103788]
	Ordinal0 [0x00718C04+953348]
	Ordinal0 [0x0073D9C4+1104324]
	Ordinal0 [0x0074DAE2+1170146]
	Ordinal0 [0x0073D5C6+1103302]
	Ordinal0 [0x007177E0+948192]
	Ordinal0 [0x007186E6+952038]
	GetHandleVerifier [0x00AF0CB2+2738370]
	GetHandleVerifier [0x00AE21B8+2678216]
	GetHandleVerifier [0x008D17AA+512954]
	GetHandleVerifier [0x008D0856+509030]
	Ordinal0 [0x007E743B+1799227]
	Ordinal0 [0x007EBB68+1817448]
	Ordinal0 [0x007EBC55+1817685]
	Ordinal0 [0x007F5230+1856048]
	BaseThreadInitThunk [0x7689FA29+25]
	RtlGetAppContainerNamedObjectPath [0x77617A9E+286]
	RtlGetAppContainerNamedObjectPath [0x77617A6E+238]
</status>
</test>
<doc>Aqui estão presentes os cenários de automação. 
Preenchimento do Formulario de Cadasatro de Estudantes.</doc>
<status status="FAIL" starttime="20220812 21:27:45.472" endtime="20220812 21:28:01.617"/>
</suite>
<statistics>
<total>
<stat pass="0" fail="1" skip="0">All Tests</stat>
</total>
<tag>
<stat pass="0" fail="1" skip="0">cenario1</stat>
</tag>
<suite>
<stat pass="0" fail="1" skip="0" id="s1" name="Webautomation">Webautomation</stat>
</suite>
</statistics>
<errors>
</errors>
</robot>
