<?xml version="1.0" encoding="UTF-8"?>
<robot generator="Robot 5.0 (Python 3.10.6 on win32)" generated="20220808 17:43:37.115" rpa="false" schemaversion="3">
<suite id="s1" name="Webautomation" source="C:\Dev\Prime-automation-pratice-form\test\feature\webautomation.robot">
<test id="s1-t1" name="Cenario: Acessar o site demoga.com automacao-pratice-form" line="11">
<kw name="Abrir sessão" library="hooks" type="SETUP">
<kw name="Open Browser" library="SeleniumLibrary">
<arg>url:blank</arg>
<arg>${CONFIG.BROWSER.NOME}</arg>
<doc>Opens a new browser instance to the optional ``url``.</doc>
<msg timestamp="20220808 17:43:38.207" level="INFO">Opening browser 'chrome' to base url 'url:blank'.</msg>
<status status="PASS" starttime="20220808 17:43:38.207" endtime="20220808 17:43:39.801"/>
</kw>
<kw name="Go To" library="SeleniumLibrary">
<arg>${CONFIG.BROWSER.URL}</arg>
<doc>Navigates the current browser window to the provided ``url``.</doc>
<msg timestamp="20220808 17:43:39.802" level="INFO">Opening url 'https://demoqa.com/automation-practice-form'</msg>
<status status="PASS" starttime="20220808 17:43:39.801" endtime="20220808 17:43:44.419"/>
</kw>
<kw name="Maximize Browser Window" library="SeleniumLibrary">
<doc>Maximizes current browser window.</doc>
<status status="PASS" starttime="20220808 17:43:44.420" endtime="20220808 17:43:44.572"/>
</kw>
<status status="PASS" starttime="20220808 17:43:38.206" endtime="20220808 17:43:44.572"/>
</kw>
<kw name="Dado que esteja na pagina automacao-pratice-form" library="kws_automation">
<kw name="Title Should Be" library="SeleniumLibrary">
<arg>${HOME.TITLE}</arg>
<doc>Verifies that the current page title equals ``title``.</doc>
<msg timestamp="20220808 17:43:44.581" level="INFO">Page title is 'ToolsQA'.</msg>
<status status="PASS" starttime="20220808 17:43:44.574" endtime="20220808 17:43:44.581"/>
</kw>
<kw name="Wait Until Element Is Visible" library="SeleniumLibrary">
<arg>${HOME.MENU}</arg>
<doc>Waits until the element ``locator`` is visible.</doc>
<status status="PASS" starttime="20220808 17:43:44.582" endtime="20220808 17:43:44.622"/>
</kw>
<status status="PASS" starttime="20220808 17:43:44.573" endtime="20220808 17:43:44.623"/>
</kw>
<kw name="Quando realizo o preenchimento dos dados cadastrais" library="kws_automation">
<kw name="First Name" library="FakerLibrary">
<var>${NAME}</var>
<msg timestamp="20220808 17:43:44.625" level="INFO">${NAME} = Maysa</msg>
<status status="PASS" starttime="20220808 17:43:44.624" endtime="20220808 17:43:44.625"/>
</kw>
<kw name="Last Name" library="FakerLibrary">
<var>${LAST_NAME}</var>
<msg timestamp="20220808 17:43:44.625" level="INFO">${LAST_NAME} = Rodrigues</msg>
<status status="PASS" starttime="20220808 17:43:44.625" endtime="20220808 17:43:44.625"/>
</kw>
<kw name="Email" library="FakerLibrary">
<var>${EMAIL}</var>
<msg timestamp="20220808 17:43:44.626" level="INFO">${EMAIL} = lnunes@example.com</msg>
<status status="PASS" starttime="20220808 17:43:44.626" endtime="20220808 17:43:44.626"/>
</kw>
<kw name="Address" library="FakerLibrary">
<var>${ADDRESS}</var>
<doc>:example: '791 Crist Parks, Sashabury, IL 86039-9874'</doc>
<msg timestamp="20220808 17:43:44.627" level="INFO">${ADDRESS} = Conjunto Silva, 32
São Vicente
58153-942 Jesus da Mata / TO</msg>
<status status="PASS" starttime="20220808 17:43:44.626" endtime="20220808 17:43:44.627"/>
</kw>
<kw name="Input Text" library="SeleniumLibrary">
<arg>${USER.firstName}</arg>
<arg>${NAME}</arg>
<doc>Types the given ``text`` into the text field identified by ``locator``.</doc>
<msg timestamp="20220808 17:43:44.629" level="INFO">Typing text 'Maysa' into text field 'firstName'.</msg>
<status status="PASS" starttime="20220808 17:43:44.628" endtime="20220808 17:43:44.737"/>
</kw>
<kw name="Input Text" library="SeleniumLibrary">
<arg>${USER.lastName}</arg>
<arg>${LAST_NAME}</arg>
<doc>Types the given ``text`` into the text field identified by ``locator``.</doc>
<msg timestamp="20220808 17:43:44.739" level="INFO">Typing text 'Rodrigues' into text field 'lastName'.</msg>
<status status="PASS" starttime="20220808 17:43:44.737" endtime="20220808 17:43:44.836"/>
</kw>
<kw name="Input Text" library="SeleniumLibrary">
<arg>${USER.userEmail}</arg>
<arg>${EMAIL}</arg>
<doc>Types the given ``text`` into the text field identified by ``locator``.</doc>
<msg timestamp="20220808 17:43:44.838" level="INFO">Typing text 'lnunes@example.com' into text field 'userEmail'.</msg>
<status status="PASS" starttime="20220808 17:43:44.837" endtime="20220808 17:43:44.955"/>
</kw>
<kw name="Input Text" library="SeleniumLibrary">
<arg>${USER.userNumber}</arg>
<arg>7399999999</arg>
<doc>Types the given ``text`` into the text field identified by ``locator``.</doc>
<msg timestamp="20220808 17:43:44.957" level="INFO">Typing text '7399999999' into text field 'userNumber'.</msg>
<status status="PASS" starttime="20220808 17:43:44.956" endtime="20220808 17:43:45.066"/>
</kw>
<kw name="Input Text" library="SeleniumLibrary">
<arg>${USER.subjectsInput}</arg>
<arg>Prime Control</arg>
<doc>Types the given ``text`` into the text field identified by ``locator``.</doc>
<msg timestamp="20220808 17:43:45.068" level="INFO">Typing text 'Prime Control' into text field 'subjectsInput'.</msg>
<status status="PASS" starttime="20220808 17:43:45.066" endtime="20220808 17:43:45.370"/>
</kw>
<kw name="Press Keys" library="SeleniumLibrary">
<arg>${USER.subjectsInput}</arg>
<arg>RETURN</arg>
<doc>Simulates the user pressing key(s) to an element or on the active browser.</doc>
<msg timestamp="20220808 17:43:45.372" level="INFO">Sending key(s) ('RETURN',) to subjectsInput element.</msg>
<msg timestamp="20220808 17:43:45.771" level="INFO">Pressing special key RETURN to element.</msg>
<msg timestamp="20220808 17:43:45.771" level="INFO">Releasing special key RETURN.</msg>
<status status="PASS" starttime="20220808 17:43:45.370" endtime="20220808 17:43:45.789"/>
</kw>
<kw name="Click Element" library="SeleniumLibrary">
<arg>${HOBBIES.SPORT}</arg>
<doc>Click the element identified by ``locator``.</doc>
<msg timestamp="20220808 17:43:45.790" level="INFO">Clicking element '//label[contains(.,'Sports')]'.</msg>
<status status="PASS" starttime="20220808 17:43:45.789" endtime="20220808 17:43:45.849"/>
</kw>
<kw name="Click Element" library="SeleniumLibrary">
<arg>${HOBBIES.READING}</arg>
<doc>Click the element identified by ``locator``.</doc>
<msg timestamp="20220808 17:43:45.851" level="INFO">Clicking element '//label[contains(.,'Reading')]'.</msg>
<status status="PASS" starttime="20220808 17:43:45.850" endtime="20220808 17:43:45.900"/>
</kw>
<kw name="Click Element" library="SeleniumLibrary">
<arg>${HOBBIES.MUSIC}</arg>
<doc>Click the element identified by ``locator``.</doc>
<msg timestamp="20220808 17:43:45.902" level="INFO">Clicking element '//label[contains(.,'Music')]'.</msg>
<status status="PASS" starttime="20220808 17:43:45.901" endtime="20220808 17:43:45.958"/>
</kw>
<kw name="Element Should Be Enabled" library="SeleniumLibrary">
<arg>${HOBBIES.SPORT}</arg>
<doc>Verifies that element identified by ``locator`` is enabled.</doc>
<status status="PASS" starttime="20220808 17:43:45.958" endtime="20220808 17:43:45.992"/>
</kw>
<kw name="Element Should Be Enabled" library="SeleniumLibrary">
<arg>${HOBBIES.READING}</arg>
<doc>Verifies that element identified by ``locator`` is enabled.</doc>
<status status="PASS" starttime="20220808 17:43:45.992" endtime="20220808 17:43:46.019"/>
</kw>
<kw name="Element Should Be Enabled" library="SeleniumLibrary">
<arg>${HOBBIES.MUSIC}</arg>
<doc>Verifies that element identified by ``locator`` is enabled.</doc>
<status status="PASS" starttime="20220808 17:43:46.020" endtime="20220808 17:43:46.042"/>
</kw>
<kw name="Sleep" library="BuiltIn">
<arg>2</arg>
<doc>Pauses the test executed for the given time.</doc>
<msg timestamp="20220808 17:43:48.048" level="INFO">Slept 2 seconds</msg>
<status status="PASS" starttime="20220808 17:43:46.042" endtime="20220808 17:43:48.049"/>
</kw>
<kw name="Input Text" library="SeleniumLibrary">
<arg>${USER.currentAddress}</arg>
<arg>${ADDRESS}</arg>
<doc>Types the given ``text`` into the text field identified by ``locator``.</doc>
<msg timestamp="20220808 17:43:48.056" level="INFO">Typing text 'Conjunto Silva, 32
São Vicente
58153-942 Jesus da Mata / TO' into text field 'currentAddress'.</msg>
<status status="PASS" starttime="20220808 17:43:48.050" endtime="20220808 17:43:48.311"/>
</kw>
<status status="PASS" starttime="20220808 17:43:44.624" endtime="20220808 17:43:48.312"/>
</kw>
<kw name="E seleciono genero Male" library="kws_automation">
<kw name="Click Element" library="SeleniumLibrary">
<arg>${GENDER.MALE}</arg>
<doc>Click the element identified by ``locator``.</doc>
<msg timestamp="20220808 17:43:48.315" level="INFO">Clicking element '//label[contains(.,'Male')]'.</msg>
<status status="PASS" starttime="20220808 17:43:48.313" endtime="20220808 17:43:48.358"/>
</kw>
<status status="PASS" starttime="20220808 17:43:48.312" endtime="20220808 17:43:48.358"/>
</kw>
<kw name="E realizo upload de imagem" library="kws_automation">
<kw name="Wait Until Element Is Visible" library="SeleniumLibrary">
<arg>uploadPicture</arg>
<doc>Waits until the element ``locator`` is visible.</doc>
<status status="PASS" starttime="20220808 17:43:48.359" endtime="20220808 17:43:48.387"/>
</kw>
<kw name="Choose File" library="SeleniumLibrary">
<arg>uploadPicture</arg>
<arg>${EXECDIR}${FILE.IMG}</arg>
<doc>Inputs the ``file_path`` into the file input field ``locator``.</doc>
<msg timestamp="20220808 17:43:48.389" level="INFO">Sending C:\Dev\Prime-automation-pratice-form\src\auto\image\prime.jpg to browser.</msg>
<status status="PASS" starttime="20220808 17:43:48.387" endtime="20220808 17:43:48.423"/>
</kw>
<kw name="Sleep" library="BuiltIn">
<arg>2</arg>
<doc>Pauses the test executed for the given time.</doc>
<msg timestamp="20220808 17:43:50.432" level="INFO">Slept 2 seconds</msg>
<status status="PASS" starttime="20220808 17:43:48.423" endtime="20220808 17:43:50.432"/>
</kw>
<status status="PASS" starttime="20220808 17:43:48.358" endtime="20220808 17:43:50.432"/>
</kw>
<kw name="E Submeter cadastro" library="kws_automation">
<kw name="Sleep" library="BuiltIn">
<arg>2</arg>
<doc>Pauses the test executed for the given time.</doc>
<msg timestamp="20220808 17:43:52.441" level="INFO">Slept 2 seconds</msg>
<status status="PASS" starttime="20220808 17:43:50.434" endtime="20220808 17:43:52.441"/>
</kw>
<kw name="Click Element" library="SeleniumLibrary">
<arg>${USER.submit}</arg>
<doc>Click the element identified by ``locator``.</doc>
<msg timestamp="20220808 17:43:52.442" level="INFO">Clicking element 'submit'.</msg>
<status status="PASS" starttime="20220808 17:43:52.441" endtime="20220808 17:43:52.509"/>
</kw>
<status status="PASS" starttime="20220808 17:43:50.433" endtime="20220808 17:43:52.510"/>
</kw>
<kw name="Então o cadastro foi efetuado com sucesso" library="kws_automation">
<kw name="Sleep" library="BuiltIn">
<arg>2</arg>
<doc>Pauses the test executed for the given time.</doc>
<msg timestamp="20220808 17:43:54.520" level="INFO">Slept 2 seconds</msg>
<status status="PASS" starttime="20220808 17:43:52.511" endtime="20220808 17:43:54.521"/>
</kw>
<kw name="Page Should Contain Element" library="SeleniumLibrary">
<arg>${MODAL}</arg>
<doc>Verifies that element ``locator`` is found on the current page.</doc>
<msg timestamp="20220808 17:43:54.538" level="INFO">Current page contains element 'XPath=//*[@id="example-modal-sizes-title-lg"]'.</msg>
<status status="PASS" starttime="20220808 17:43:54.521" endtime="20220808 17:43:54.538"/>
</kw>
<status status="PASS" starttime="20220808 17:43:52.510" endtime="20220808 17:43:54.538"/>
</kw>
<kw name="Fechar sessão" library="hooks" type="TEARDOWN">
<kw name="Capture Page Screenshot" library="SeleniumLibrary">
<doc>Takes a screenshot of the current page and embeds it into a log file.</doc>
<msg timestamp="20220808 17:43:54.705" level="INFO" html="true">&lt;/td&gt;&lt;/tr&gt;&lt;tr&gt;&lt;td colspan="3"&gt;&lt;a href="selenium-screenshot-73.png"&gt;&lt;img src="selenium-screenshot-73.png" width="800px"&gt;&lt;/a&gt;</msg>
<status status="PASS" starttime="20220808 17:43:54.539" endtime="20220808 17:43:54.705"/>
</kw>
<kw name="Close Browser" library="SeleniumLibrary">
<doc>Closes the current browser.</doc>
<status status="PASS" starttime="20220808 17:43:54.705" endtime="20220808 17:43:57.078"/>
</kw>
<status status="PASS" starttime="20220808 17:43:54.539" endtime="20220808 17:43:57.079"/>
</kw>
<tag>cenario1</tag>
<status status="PASS" starttime="20220808 17:43:38.205" endtime="20220808 17:43:57.081"/>
</test>
<doc>Aqui estarão presentes todos os cenários de automação WEB</doc>
<status status="PASS" starttime="20220808 17:43:37.118" endtime="20220808 17:43:57.087"/>
</suite>
<statistics>
<total>
<stat pass="1" fail="0" skip="0">All Tests</stat>
</total>
<tag>
<stat pass="1" fail="0" skip="0">cenario1</stat>
</tag>
<suite>
<stat pass="1" fail="0" skip="0" id="s1" name="Webautomation">Webautomation</stat>
</suite>
</statistics>
<errors>
</errors>
</robot>
